#! /opt/homebrew/Cellar/icarus-verilog/12.0/bin/vvp
:ivl_version "12.0 (stable)";
:ivl_delay_selection "TYPICAL";
:vpi_time_precision + 0;
:vpi_module "/opt/homebrew/Cellar/icarus-verilog/12.0/lib/ivl/system.vpi";
:vpi_module "/opt/homebrew/Cellar/icarus-verilog/12.0/lib/ivl/vhdl_sys.vpi";
:vpi_module "/opt/homebrew/Cellar/icarus-verilog/12.0/lib/ivl/vhdl_textio.vpi";
:vpi_module "/opt/homebrew/Cellar/icarus-verilog/12.0/lib/ivl/v2005_math.vpi";
:vpi_module "/opt/homebrew/Cellar/icarus-verilog/12.0/lib/ivl/va_math.vpi";
S_0x141e09f20 .scope module, "FSM_tb" "FSM_tb" 2 1;
 .timescale 0 0;
v0x141e1d7b0_0 .var "clk", 0 0;
v0x141e1d850_0 .var "data_in", 0 0;
v0x141e1d900_0 .net "data_out", 0 0, v0x141e1d540_0;  1 drivers
v0x141e1d9d0_0 .var "reset", 0 0;
S_0x141e0d180 .scope module, "DUT" "FSM" 2 12, 3 11 0, S_0x141e09f20;
 .timescale 0 0;
    .port_info 0 /INPUT 1 "clk";
    .port_info 1 /INPUT 1 "reset";
    .port_info 2 /INPUT 1 "data_in";
    .port_info 3 /OUTPUT 1 "data_out";
P_0x141e0a090 .param/l "State0" 0 3 20, +C4<00000000000000000000000000000000>;
P_0x141e0a0d0 .param/l "State1" 0 3 21, +C4<00000000000000000000000000000001>;
P_0x141e0a110 .param/l "State2" 0 3 22, +C4<00000000000000000000000000000010>;
P_0x141e0a150 .param/l "State3" 0 3 23, +C4<00000000000000000000000000000011>;
v0x141e0d510_0 .net "clk", 0 0, v0x141e1d7b0_0;  1 drivers
v0x141e1d3e0_0 .var "current_state", 1 0;
v0x141e1d490_0 .net "data_in", 0 0, v0x141e1d850_0;  1 drivers
v0x141e1d540_0 .var "data_out", 0 0;
v0x141e1d5e0_0 .var "next_state", 1 0;
v0x141e1d6d0_0 .net "reset", 0 0, v0x141e1d9d0_0;  1 drivers
E_0x141e0d450 .event anyedge, v0x141e1d3e0_0;
E_0x141e0d490 .event anyedge, v0x141e1d3e0_0, v0x141e1d490_0;
E_0x141e0d4d0/0 .event negedge, v0x141e1d6d0_0;
E_0x141e0d4d0/1 .event posedge, v0x141e0d510_0;
E_0x141e0d4d0 .event/or E_0x141e0d4d0/0, E_0x141e0d4d0/1;
    .scope S_0x141e0d180;
T_0 ;
    %wait E_0x141e0d4d0;
    %load/vec4 v0x141e1d6d0_0;
    %pad/u 32;
    %cmpi/e 0, 0, 32;
    %jmp/0xz  T_0.0, 4;
    %pushi/vec4 0, 0, 2;
    %assign/vec4 v0x141e1d3e0_0, 0;
    %jmp T_0.1;
T_0.0 ;
    %load/vec4 v0x141e1d5e0_0;
    %assign/vec4 v0x141e1d3e0_0, 0;
T_0.1 ;
    %jmp T_0;
    .thread T_0;
    .scope S_0x141e0d180;
T_1 ;
    %wait E_0x141e0d490;
    %load/vec4 v0x141e1d3e0_0;
    %dup/vec4;
    %pushi/vec4 0, 0, 2;
    %cmp/u;
    %jmp/1 T_1.0, 6;
    %dup/vec4;
    %pushi/vec4 1, 0, 2;
    %cmp/u;
    %jmp/1 T_1.1, 6;
    %dup/vec4;
    %pushi/vec4 2, 0, 2;
    %cmp/u;
    %jmp/1 T_1.2, 6;
    %dup/vec4;
    %pushi/vec4 3, 0, 2;
    %cmp/u;
    %jmp/1 T_1.3, 6;
    %pushi/vec4 0, 0, 2;
    %store/vec4 v0x141e1d5e0_0, 0, 2;
    %jmp T_1.5;
T_1.0 ;
    %load/vec4 v0x141e1d490_0;
    %pad/u 32;
    %cmpi/e 1, 0, 32;
    %jmp/0xz  T_1.6, 4;
    %pushi/vec4 1, 0, 2;
    %store/vec4 v0x141e1d5e0_0, 0, 2;
    %jmp T_1.7;
T_1.6 ;
    %pushi/vec4 0, 0, 2;
    %store/vec4 v0x141e1d5e0_0, 0, 2;
T_1.7 ;
    %jmp T_1.5;
T_1.1 ;
    %load/vec4 v0x141e1d490_0;
    %pad/u 32;
    %cmpi/e 1, 0, 32;
    %jmp/0xz  T_1.8, 4;
    %pushi/vec4 1, 0, 2;
    %store/vec4 v0x141e1d5e0_0, 0, 2;
    %jmp T_1.9;
T_1.8 ;
    %pushi/vec4 2, 0, 2;
    %store/vec4 v0x141e1d5e0_0, 0, 2;
T_1.9 ;
    %jmp T_1.5;
T_1.2 ;
    %load/vec4 v0x141e1d490_0;
    %pad/u 32;
    %cmpi/e 1, 0, 32;
    %jmp/0xz  T_1.10, 4;
    %pushi/vec4 3, 0, 2;
    %store/vec4 v0x141e1d5e0_0, 0, 2;
    %jmp T_1.11;
T_1.10 ;
    %pushi/vec4 2, 0, 2;
    %store/vec4 v0x141e1d5e0_0, 0, 2;
T_1.11 ;
    %jmp T_1.5;
T_1.3 ;
    %load/vec4 v0x141e1d490_0;
    %pad/u 32;
    %cmpi/e 1, 0, 32;
    %jmp/0xz  T_1.12, 4;
    %pushi/vec4 0, 0, 2;
    %store/vec4 v0x141e1d5e0_0, 0, 2;
    %jmp T_1.13;
T_1.12 ;
    %pushi/vec4 3, 0, 2;
    %store/vec4 v0x141e1d5e0_0, 0, 2;
T_1.13 ;
    %jmp T_1.5;
T_1.5 ;
    %pop/vec4 1;
    %jmp T_1;
    .thread T_1, $push;
    .scope S_0x141e0d180;
T_2 ;
    %wait E_0x141e0d450;
    %pushi/vec4 0, 0, 1;
    %store/vec4 v0x141e1d540_0, 0, 1;
    %load/vec4 v0x141e1d3e0_0;
    %dup/vec4;
    %pushi/vec4 0, 0, 2;
    %cmp/u;
    %jmp/1 T_2.0, 6;
    %dup/vec4;
    %pushi/vec4 1, 0, 2;
    %cmp/u;
    %jmp/1 T_2.1, 6;
    %dup/vec4;
    %pushi/vec4 2, 0, 2;
    %cmp/u;
    %jmp/1 T_2.2, 6;
    %dup/vec4;
    %pushi/vec4 3, 0, 2;
    %cmp/u;
    %jmp/1 T_2.3, 6;
    %pushi/vec4 0, 0, 1;
    %store/vec4 v0x141e1d540_0, 0, 1;
    %jmp T_2.5;
T_2.0 ;
    %pushi/vec4 1, 0, 1;
    %store/vec4 v0x141e1d540_0, 0, 1;
    %jmp T_2.5;
T_2.1 ;
    %pushi/vec4 0, 0, 1;
    %store/vec4 v0x141e1d540_0, 0, 1;
    %jmp T_2.5;
T_2.2 ;
    %pushi/vec4 0, 0, 1;
    %store/vec4 v0x141e1d540_0, 0, 1;
    %jmp T_2.5;
T_2.3 ;
    %pushi/vec4 1, 0, 1;
    %store/vec4 v0x141e1d540_0, 0, 1;
    %jmp T_2.5;
T_2.5 ;
    %pop/vec4 1;
    %jmp T_2;
    .thread T_2, $push;
    .scope S_0x141e09f20;
T_3 ;
    %pushi/vec4 0, 0, 1;
    %store/vec4 v0x141e1d7b0_0, 0, 1;
T_3.0 ;
    %delay 5, 0;
    %load/vec4 v0x141e1d7b0_0;
    %inv;
    %store/vec4 v0x141e1d7b0_0, 0, 1;
    %jmp T_3.0;
    %end;
    .thread T_3;
    .scope S_0x141e09f20;
T_4 ;
    %delay 20, 0;
    %pushi/vec4 1, 0, 1;
    %store/vec4 v0x141e1d9d0_0, 0, 1;
    %pushi/vec4 0, 0, 1;
    %store/vec4 v0x141e1d850_0, 0, 1;
    %delay 24, 0;
    %pushi/vec4 0, 0, 1;
    %store/vec4 v0x141e1d9d0_0, 0, 1;
    %delay 3, 0;
    %pushi/vec4 1, 0, 1;
    %store/vec4 v0x141e1d9d0_0, 0, 1;
    %delay 10, 0;
    %pushi/vec4 30, 0, 32;
T_4.0 %dup/vec4;
    %pushi/vec4 0, 0, 32;
    %cmp/s;
    %jmp/1xz T_4.1, 5;
    %jmp/1 T_4.1, 4;
    %pushi/vec4 1, 0, 32;
    %sub;
    %vpi_func 2 40 "$random" 32 {0 0 0};
    %pushi/vec4 2, 0, 32;
    %mod/s;
    %pad/s 1;
    %store/vec4 v0x141e1d850_0, 0, 1;
    %delay 10, 0;
    %jmp T_4.0;
T_4.1 ;
    %pop/vec4 1;
    %vpi_call 2 43 "$finish" {0 0 0};
    %end;
    .thread T_4;
    .scope S_0x141e09f20;
T_5 ;
    %vpi_call 2 48 "$dumpfile", "FSM_tb.vcd" {0 0 0};
    %vpi_call 2 49 "$dumpvars", 32'sb00000000000000000000000000000000, S_0x141e09f20 {0 0 0};
    %end;
    .thread T_5;
    .scope S_0x141e09f20;
T_6 ;
    %vpi_call 2 55 "$monitor", "Tiempo: %0d | reset: %b | data_in: %b | data_out: %b", $time, v0x141e1d9d0_0, v0x141e1d850_0, v0x141e1d900_0 {0 0 0};
    %end;
    .thread T_6;
# The file index is used to find the file name in the following table.
:file_names 4;
    "N/A";
    "<interactive>";
    "FSM_tb.v";
    "FSM.v";
